
> backend@0.0.1 start:dev
> nest start --watch

[2J[3J[H[[90m6:15:47 PM[0m] Starting compilation in watch mode...

[[90m6:15:54 PM[0m] Found 0 errors. Watching for file changes.

[32m[Nest] 18416  - [39m04/07/2026, 6:15:56 PM [32m    LOG[39m [38;5;3m[NestFactory] [39m[32mStarting Nest application...[39m
[32m[Nest] 18416  - [39m04/07/2026, 6:15:56 PM [32m    LOG[39m [38;5;3m[InstanceLoader] [39m[32mAppModule dependencies initialized[39m[38;5;3m +30ms[39m
[32m[Nest] 18416  - [39m04/07/2026, 6:15:56 PM [32m    LOG[39m [38;5;3m[InstanceLoader] [39m[32mTypeOrmModule dependencies initialized[39m[38;5;3m +1ms[39m
[32m[Nest] 18416  - [39m04/07/2026, 6:15:56 PM [32m    LOG[39m [38;5;3m[InstanceLoader] [39m[32mPassportModule dependencies initialized[39m[38;5;3m +0ms[39m
[32m[Nest] 18416  - [39m04/07/2026, 6:15:56 PM [32m    LOG[39m [38;5;3m[InstanceLoader] [39m[32mConfigHostModule dependencies initialized[39m[38;5;3m +1ms[39m
[32m[Nest] 18416  - [39m04/07/2026, 6:15:56 PM [32m    LOG[39m [38;5;3m[InstanceLoader] [39m[32mConfigModule dependencies initialized[39m[38;5;3m +2ms[39m
[32m[Nest] 18416  - [39m04/07/2026, 6:15:56 PM [32m    LOG[39m [38;5;3m[InstanceLoader] [39m[32mJwtModule dependencies initialized[39m[38;5;3m +56ms[39m
[32m[Nest] 18416  - [39m04/07/2026, 6:15:56 PM [32m    LOG[39m [38;5;3m[InstanceLoader] [39m[32mHealthModule dependencies initialized[39m[38;5;3m +0ms[39m
[32m[Nest] 18416  - [39m04/07/2026, 6:16:00 PM [32m    LOG[39m [38;5;3m[InstanceLoader] [39m[32mTypeOrmCoreModule dependencies initialized[39m[38;5;3m +3261ms[39m
[32m[Nest] 18416  - [39m04/07/2026, 6:16:00 PM [32m    LOG[39m [38;5;3m[InstanceLoader] [39m[32mTypeOrmModule dependencies initialized[39m[38;5;3m +1ms[39m
[32m[Nest] 18416  - [39m04/07/2026, 6:16:00 PM [32m    LOG[39m [38;5;3m[InstanceLoader] [39m[32mTypeOrmModule dependencies initialized[39m[38;5;3m +0ms[39m
[32m[Nest] 18416  - [39m04/07/2026, 6:16:00 PM [32m    LOG[39m [38;5;3m[InstanceLoader] [39m[32mTypeOrmModule dependencies initialized[39m[38;5;3m +1ms[39m
[32m[Nest] 18416  - [39m04/07/2026, 6:16:00 PM [32m    LOG[39m [38;5;3m[InstanceLoader] [39m[32mTypeOrmModule dependencies initialized[39m[38;5;3m +0ms[39m
[32m[Nest] 18416  - [39m04/07/2026, 6:16:00 PM [32m    LOG[39m [38;5;3m[InstanceLoader] [39m[32mTypeOrmModule dependencies initialized[39m[38;5;3m +25ms[39m
[32m[Nest] 18416  - [39m04/07/2026, 6:16:00 PM [32m    LOG[39m [38;5;3m[InstanceLoader] [39m[32mTypeOrmModule dependencies initialized[39m[38;5;3m +1ms[39m
[32m[Nest] 18416  - [39m04/07/2026, 6:16:00 PM [32m    LOG[39m [38;5;3m[InstanceLoader] [39m[32mTypeOrmModule dependencies initialized[39m[38;5;3m +0ms[39m
[32m[Nest] 18416  - [39m04/07/2026, 6:16:00 PM [32m    LOG[39m [38;5;3m[InstanceLoader] [39m[32mAuthModule dependencies initialized[39m[38;5;3m +2ms[39m
[32m[Nest] 18416  - [39m04/07/2026, 6:16:00 PM [32m    LOG[39m [38;5;3m[InstanceLoader] [39m[32mAdminsModule dependencies initialized[39m[38;5;3m +1ms[39m
[32m[Nest] 18416  - [39m04/07/2026, 6:16:00 PM [32m    LOG[39m [38;5;3m[InstanceLoader] [39m[32mCategoriesModule dependencies initialized[39m[38;5;3m +1ms[39m
[32m[Nest] 18416  - [39m04/07/2026, 6:16:00 PM [32m    LOG[39m [38;5;3m[InstanceLoader] [39m[32mProductsModule dependencies initialized[39m[38;5;3m +0ms[39m
[32m[Nest] 18416  - [39m04/07/2026, 6:16:00 PM [32m    LOG[39m [38;5;3m[InstanceLoader] [39m[32mOrdersModule dependencies initialized[39m[38;5;3m +0ms[39m
[32m[Nest] 18416  - [39m04/07/2026, 6:16:00 PM [32m    LOG[39m [38;5;3m[InstanceLoader] [39m[32mReviewsModule dependencies initialized[39m[38;5;3m +1ms[39m
[32m[Nest] 18416  - [39m04/07/2026, 6:16:00 PM [32m    LOG[39m [38;5;3m[InstanceLoader] [39m[32mSettingsModule dependencies initialized[39m[38;5;3m +0ms[39m
[32m[Nest] 18416  - [39m04/07/2026, 6:16:00 PM [32m    LOG[39m [38;5;3m[RoutesResolver] [39m[32mAuthController {/api/auth}:[39m[38;5;3m +9ms[39m
[32m[Nest] 18416  - [39m04/07/2026, 6:16:00 PM [32m    LOG[39m [38;5;3m[RouterExplorer] [39m[32mMapped {/api/auth/login, POST} route[39m[38;5;3m +4ms[39m
[32m[Nest] 18416  - [39m04/07/2026, 6:16:00 PM [32m    LOG[39m [38;5;3m[RoutesResolver] [39m[32mAdminsController {/api/admins}:[39m[38;5;3m +1ms[39m
[32m[Nest] 18416  - [39m04/07/2026, 6:16:00 PM [32m    LOG[39m [38;5;3m[RouterExplorer] [39m[32mMapped {/api/admins/me, GET} route[39m[38;5;3m +1ms[39m
[32m[Nest] 18416  - [39m04/07/2026, 6:16:00 PM [32m    LOG[39m [38;5;3m[RoutesResolver] [39m[32mCategoriesController {/api/categories}:[39m[38;5;3m +0ms[39m
[32m[Nest] 18416  - [39m04/07/2026, 6:16:00 PM [32m    LOG[39m [38;5;3m[RouterExplorer] [39m[32mMapped {/api/categories/public, GET} route[39m[38;5;3m +1ms[39m
[32m[Nest] 18416  - [39m04/07/2026, 6:16:00 PM [32m    LOG[39m [38;5;3m[RouterExplorer] [39m[32mMapped {/api/categories, GET} route[39m[38;5;3m +1ms[39m
[32m[Nest] 18416  - [39m04/07/2026, 6:16:00 PM [32m    LOG[39m [38;5;3m[RouterExplorer] [39m[32mMapped {/api/categories, POST} route[39m[38;5;3m +1ms[39m
[32m[Nest] 18416  - [39m04/07/2026, 6:16:00 PM [32m    LOG[39m [38;5;3m[RouterExplorer] [39m[32mMapped {/api/categories/:id, PATCH} route[39m[38;5;3m +1ms[39m
[32m[Nest] 18416  - [39m04/07/2026, 6:16:00 PM [32m    LOG[39m [38;5;3m[RouterExplorer] [39m[32mMapped {/api/categories/:id, DELETE} route[39m[38;5;3m +1ms[39m
[32m[Nest] 18416  - [39m04/07/2026, 6:16:00 PM [32m    LOG[39m [38;5;3m[RoutesResolver] [39m[32mProductsController {/api/products}:[39m[38;5;3m +1ms[39m
[32m[Nest] 18416  - [39m04/07/2026, 6:16:00 PM [32m    LOG[39m [38;5;3m[RouterExplorer] [39m[32mMapped {/api/products/public, GET} route[39m[38;5;3m +0ms[39m
[32m[Nest] 18416  - [39m04/07/2026, 6:16:00 PM [32m    LOG[39m [38;5;3m[RouterExplorer] [39m[32mMapped {/api/products/public/:slug, GET} route[39m[38;5;3m +1ms[39m
[32m[Nest] 18416  - [39m04/07/2026, 6:16:00 PM [32m    LOG[39m [38;5;3m[RouterExplorer] [39m[32mMapped {/api/products, GET} route[39m[38;5;3m +1ms[39m
[32m[Nest] 18416  - [39m04/07/2026, 6:16:00 PM [32m    LOG[39m [38;5;3m[RouterExplorer] [39m[32mMapped {/api/products, POST} route[39m[38;5;3m +1ms[39m
[32m[Nest] 18416  - [39m04/07/2026, 6:16:00 PM [32m    LOG[39m [38;5;3m[RouterExplorer] [39m[32mMapped {/api/products/:id, PATCH} route[39m[38;5;3m +0ms[39m
[32m[Nest] 18416  - [39m04/07/2026, 6:16:00 PM [32m    LOG[39m [38;5;3m[RouterExplorer] [39m[32mMapped {/api/products/:id, DELETE} route[39m[38;5;3m +1ms[39m
[32m[Nest] 18416  - [39m04/07/2026, 6:16:00 PM [32m    LOG[39m [38;5;3m[RoutesResolver] [39m[32mOrdersController {/api/orders}:[39m[38;5;3m +0ms[39m
[32m[Nest] 18416  - [39m04/07/2026, 6:16:00 PM [32m    LOG[39m [38;5;3m[RouterExplorer] [39m[32mMapped {/api/orders/public, POST} route[39m[38;5;3m +1ms[39m
[32m[Nest] 18416  - [39m04/07/2026, 6:16:00 PM [32m    LOG[39m [38;5;3m[RouterExplorer] [39m[32mMapped {/api/orders, GET} route[39m[38;5;3m +0ms[39m
[32m[Nest] 18416  - [39m04/07/2026, 6:16:00 PM [32m    LOG[39m [38;5;3m[RouterExplorer] [39m[32mMapped {/api/orders/:id, GET} route[39m[38;5;3m +1ms[39m
[32m[Nest] 18416  - [39m04/07/2026, 6:16:00 PM [32m    LOG[39m [38;5;3m[RouterExplorer] [39m[32mMapped {/api/orders/:id/status, PATCH} route[39m[38;5;3m +0ms[39m
[32m[Nest] 18416  - [39m04/07/2026, 6:16:00 PM [32m    LOG[39m [38;5;3m[RouterExplorer] [39m[32mMapped {/api/orders/:id/payment-status, PATCH} route[39m[38;5;3m +1ms[39m
[32m[Nest] 18416  - [39m04/07/2026, 6:16:00 PM [32m    LOG[39m [38;5;3m[RoutesResolver] [39m[32mReviewsController {/api/reviews}:[39m[38;5;3m +0ms[39m
[32m[Nest] 18416  - [39m04/07/2026, 6:16:00 PM [32m    LOG[39m [38;5;3m[RouterExplorer] [39m[32mMapped {/api/reviews/public, POST} route[39m[38;5;3m +1ms[39m
[32m[Nest] 18416  - [39m04/07/2026, 6:16:00 PM [32m    LOG[39m [38;5;3m[RouterExplorer] [39m[32mMapped {/api/reviews/public, GET} route[39m[38;5;3m +1ms[39m
[32m[Nest] 18416  - [39m04/07/2026, 6:16:00 PM [32m    LOG[39m [38;5;3m[RouterExplorer] [39m[32mMapped {/api/reviews, GET} route[39m[38;5;3m +0ms[39m
[32m[Nest] 18416  - [39m04/07/2026, 6:16:00 PM [32m    LOG[39m [38;5;3m[RouterExplorer] [39m[32mMapped {/api/reviews/:id/publish, PATCH} route[39m[38;5;3m +1ms[39m
[32m[Nest] 18416  - [39m04/07/2026, 6:16:00 PM [32m    LOG[39m [38;5;3m[RoutesResolver] [39m[32mSettingsController {/api/settings}:[39m[38;5;3m +0ms[39m
[32m[Nest] 18416  - [39m04/07/2026, 6:16:00 PM [32m    LOG[39m [38;5;3m[RouterExplorer] [39m[32mMapped {/api/settings/public, GET} route[39m[38;5;3m +0ms[39m
[32m[Nest] 18416  - [39m04/07/2026, 6:16:00 PM [32m    LOG[39m [38;5;3m[RouterExplorer] [39m[32mMapped {/api/settings, GET} route[39m[38;5;3m +1ms[39m
[32m[Nest] 18416  - [39m04/07/2026, 6:16:00 PM [32m    LOG[39m [38;5;3m[RouterExplorer] [39m[32mMapped {/api/settings, PATCH} route[39m[38;5;3m +0ms[39m
[32m[Nest] 18416  - [39m04/07/2026, 6:16:00 PM [32m    LOG[39m [38;5;3m[RoutesResolver] [39m[32mHealthController {/api/health}:[39m[38;5;3m +0ms[39m
[32m[Nest] 18416  - [39m04/07/2026, 6:16:00 PM [32m    LOG[39m [38;5;3m[RouterExplorer] [39m[32mMapped {/api/health, GET} route[39m[38;5;3m +1ms[39m
[32m[Nest] 18416  - [39m04/07/2026, 6:16:00 PM [32m    LOG[39m [38;5;3m[NestApplication] [39m[32mNest application successfully started[39m[38;5;3m +4ms[39m
